0 info it worked if it ends with ok
1 verbose cli [ '/usr/bin/nodejs', '/usr/bin/npm', 'install', 'i2c-bus', '-g' ]
2 info using npm@1.4.21
3 info using node@v0.10.42
4 verbose cache add [ 'i2c-bus', null ]
5 verbose cache add name=undefined spec="i2c-bus" args=["i2c-bus",null]
6 verbose parsed url { protocol: null,
6 verbose parsed url   slashes: null,
6 verbose parsed url   auth: null,
6 verbose parsed url   host: null,
6 verbose parsed url   port: null,
6 verbose parsed url   hostname: null,
6 verbose parsed url   hash: null,
6 verbose parsed url   search: null,
6 verbose parsed url   query: null,
6 verbose parsed url   pathname: 'i2c-bus',
6 verbose parsed url   path: 'i2c-bus',
6 verbose parsed url   href: 'i2c-bus' }
7 silly lockFile c4ab2e42-i2c-bus i2c-bus
8 verbose lock i2c-bus /root/.npm/c4ab2e42-i2c-bus.lock
9 silly lockFile c4ab2e42-i2c-bus i2c-bus
10 silly lockFile c4ab2e42-i2c-bus i2c-bus
11 verbose addNamed [ 'i2c-bus', '' ]
12 verbose addNamed [ null, '*' ]
13 silly lockFile 83d2a910-i2c-bus i2c-bus@
14 verbose lock i2c-bus@ /root/.npm/83d2a910-i2c-bus.lock
15 silly addNameRange { name: 'i2c-bus', range: '*', hasData: false }
16 verbose request where is /i2c-bus
17 verbose request registry https://registry.npmjs.org/
18 verbose request id c4c5992b2ea45d4c
19 verbose url raw /i2c-bus
20 verbose url resolving [ 'https://registry.npmjs.org/', './i2c-bus' ]
21 verbose url resolved https://registry.npmjs.org/i2c-bus
22 verbose request where is https://registry.npmjs.org/i2c-bus
23 info trying registry request attempt 1 at 11:48:16
24 verbose etag "BXBV1SH9E12ZKDV7XW3DWCCNF"
25 http GET https://registry.npmjs.org/i2c-bus
26 http 304 https://registry.npmjs.org/i2c-bus
27 silly registry.get cb [ 304,
27 silly registry.get   { date: 'Thu, 13 Oct 2016 11:48:15 GMT',
27 silly registry.get     via: '1.1 varnish',
27 silly registry.get     'cache-control': 'max-age=300',
27 silly registry.get     etag: '"BXBV1SH9E12ZKDV7XW3DWCCNF"',
27 silly registry.get     age: '0',
27 silly registry.get     connection: 'keep-alive',
27 silly registry.get     'x-served-by': 'cache-iad2128-IAD',
27 silly registry.get     'x-cache': 'MISS',
27 silly registry.get     'x-cache-hits': '0',
27 silly registry.get     'x-timer': 'S1476359295.222861,VS0,VE67',
27 silly registry.get     vary: 'Accept-Encoding' } ]
28 verbose etag https://registry.npmjs.org/i2c-bus from cache
29 silly addNameRange number 2 { name: 'i2c-bus', range: '*', hasData: true }
30 silly addNameRange versions [ 'i2c-bus',
30 silly addNameRange   [ '0.1.0',
30 silly addNameRange     '0.2.0',
30 silly addNameRange     '0.3.0',
30 silly addNameRange     '0.4.0',
30 silly addNameRange     '0.5.0',
30 silly addNameRange     '0.6.0',
30 silly addNameRange     '0.7.0',
30 silly addNameRange     '0.8.0',
30 silly addNameRange     '0.9.0',
30 silly addNameRange     '0.10.0',
30 silly addNameRange     '0.11.0',
30 silly addNameRange     '0.11.1',
30 silly addNameRange     '0.11.2',
30 silly addNameRange     '0.11.3',
30 silly addNameRange     '0.12.0',
30 silly addNameRange     '1.0.0',
30 silly addNameRange     '1.0.1',
30 silly addNameRange     '1.0.2',
30 silly addNameRange     '1.0.3',
30 silly addNameRange     '1.1.0',
30 silly addNameRange     '1.1.1',
30 silly addNameRange     '1.1.2' ] ]
31 verbose addNamed [ 'i2c-bus', '1.1.2' ]
32 verbose addNamed [ '1.1.2', '1.1.2' ]
33 silly lockFile 9291da95-i2c-bus-1-1-2 i2c-bus@1.1.2
34 verbose lock i2c-bus@1.1.2 /root/.npm/9291da95-i2c-bus-1-1-2.lock
35 silly lockFile 9291da95-i2c-bus-1-1-2 i2c-bus@1.1.2
36 silly lockFile 9291da95-i2c-bus-1-1-2 i2c-bus@1.1.2
37 silly lockFile 83d2a910-i2c-bus i2c-bus@
38 silly lockFile 83d2a910-i2c-bus i2c-bus@
39 silly resolved [ { name: 'i2c-bus',
39 silly resolved     version: '1.1.2',
39 silly resolved     description: 'I2C serial bus access with JavaScript',
39 silly resolved     main: 'i2c-bus.js',
39 silly resolved     directories: { example: 'example', test: 'test' },
39 silly resolved     scripts:
39 silly resolved      { test: 'echo "Tests can only be run manually from the command line." && exit 1',
39 silly resolved        install: 'node-gyp rebuild' },
39 silly resolved     repository: { type: 'git', url: 'git+https://github.com/fivdi/i2c-bus.git' },
39 silly resolved     engines: { node: '>=0.10.0' },
39 silly resolved     dependencies: { bindings: '~1.2.1', nan: '~2.4.0' },
39 silly resolved     devDependencies: { async: '~2.0.1', lodash: '~4.16.3' },
39 silly resolved     keywords:
39 silly resolved      [ 'i2c',
39 silly resolved        'raspberry',
39 silly resolved        'raspi',
39 silly resolved        'rpi',
39 silly resolved        'pi',
39 silly resolved        'edison',
39 silly resolved        'beaglebone',
39 silly resolved        'smbus',
39 silly resolved        'linux' ],
39 silly resolved     author: { name: 'fivdi' },
39 silly resolved     license: 'MIT',
39 silly resolved     gypfile: true,
39 silly resolved     gitHead: '3521ad863f89b32d55feed94c1edf5bd57ecbafb',
39 silly resolved     bugs: { url: 'https://github.com/fivdi/i2c-bus/issues' },
39 silly resolved     homepage: 'https://github.com/fivdi/i2c-bus#readme',
39 silly resolved     _id: 'i2c-bus@1.1.2',
39 silly resolved     _shasum: '4ca3ce5c9711e74d466a07f52cba54374b7364d7',
39 silly resolved     _from: 'i2c-bus@',
39 silly resolved     _npmVersion: '3.9.5',
39 silly resolved     _nodeVersion: '6.2.2',
39 silly resolved     _npmUser: { name: 'fivdi', email: 'fivdiweb@gmail.com' },
39 silly resolved     maintainers: [ [Object] ],
39 silly resolved     dist:
39 silly resolved      { shasum: '4ca3ce5c9711e74d466a07f52cba54374b7364d7',
39 silly resolved        tarball: 'https://registry.npmjs.org/i2c-bus/-/i2c-bus-1.1.2.tgz' },
39 silly resolved     _npmOperationalInternal:
39 silly resolved      { host: 'packages-16-east.internal.npmjs.com',
39 silly resolved        tmp: 'tmp/i2c-bus-1.1.2.tgz_1475699274312_0.05371127091348171' },
39 silly resolved     _resolved: 'https://registry.npmjs.org/i2c-bus/-/i2c-bus-1.1.2.tgz',
39 silly resolved     readme: 'ERROR: No README data found!' } ]
40 info install i2c-bus@1.1.2 into /usr/local/lib
41 info installOne i2c-bus@1.1.2
42 verbose lib/node_modules/i2c-bus unbuild
43 verbose tar unpack /root/.npm/i2c-bus/1.1.2/package.tgz
44 silly lockFile 210814df-r-local-lib-node-modules-i2c-bus tar:///usr/local/lib/node_modules/i2c-bus
45 verbose lock tar:///usr/local/lib/node_modules/i2c-bus /root/.npm/210814df-r-local-lib-node-modules-i2c-bus.lock
46 silly lockFile 9f85b9bb-ot-npm-i2c-bus-1-1-2-package-tgz tar:///root/.npm/i2c-bus/1.1.2/package.tgz
47 verbose lock tar:///root/.npm/i2c-bus/1.1.2/package.tgz /root/.npm/9f85b9bb-ot-npm-i2c-bus-1-1-2-package-tgz.lock
48 silly gunzTarPerm modes [ '755', '644' ]
49 silly gunzTarPerm extractEntry package.json
50 silly gunzTarPerm modified mode [ 'package.json', 436, 420 ]
51 silly gunzTarPerm extractEntry .npmignore
52 silly gunzTarPerm modified mode [ '.npmignore', 436, 420 ]
53 silly gunzTarPerm extractEntry README.md
54 silly gunzTarPerm modified mode [ 'README.md', 436, 420 ]
55 silly gunzTarPerm extractEntry LICENSE
56 silly gunzTarPerm modified mode [ 'LICENSE', 436, 420 ]
57 silly gunzTarPerm extractEntry i2c-bus.js
58 silly gunzTarPerm modified mode [ 'i2c-bus.js', 436, 420 ]
59 silly gunzTarPerm extractEntry win-i2c-bus.js
60 silly gunzTarPerm modified mode [ 'win-i2c-bus.js', 436, 420 ]
61 silly gunzTarPerm extractEntry History.md
62 silly gunzTarPerm modified mode [ 'History.md', 436, 420 ]
63 silly gunzTarPerm extractEntry doc/edison-adruino-base-board-i2c.md
64 silly gunzTarPerm modified mode [ 'doc/edison-adruino-base-board-i2c.md', 436, 420 ]
65 silly gunzTarPerm extractEntry doc/raspberry-pi-i2c.md
66 silly gunzTarPerm modified mode [ 'doc/raspberry-pi-i2c.md', 436, 420 ]
67 silly gunzTarPerm extractEntry binding.gyp
68 silly gunzTarPerm modified mode [ 'binding.gyp', 436, 420 ]
69 silly gunzTarPerm extractEntry src/sendbyte.h
70 silly gunzTarPerm modified mode [ 'src/sendbyte.h', 436, 420 ]
71 silly gunzTarPerm extractEntry src/i2c-dev.h
72 silly gunzTarPerm modified mode [ 'src/i2c-dev.h', 436, 420 ]
73 silly gunzTarPerm extractEntry src/i2cfuncs.cc
74 silly gunzTarPerm modified mode [ 'src/i2cfuncs.cc', 436, 420 ]
75 silly gunzTarPerm extractEntry src/i2cfuncs.h
76 silly gunzTarPerm modified mode [ 'src/i2cfuncs.h', 436, 420 ]
77 silly gunzTarPerm extractEntry src/readblock.cc
78 silly gunzTarPerm modified mode [ 'src/readblock.cc', 436, 420 ]
79 silly gunzTarPerm extractEntry src/readblock.h
80 silly gunzTarPerm modified mode [ 'src/readblock.h', 436, 420 ]
81 silly gunzTarPerm extractEntry src/readbyte.cc
82 silly gunzTarPerm modified mode [ 'src/readbyte.cc', 436, 420 ]
83 silly gunzTarPerm extractEntry src/readbyte.h
84 silly gunzTarPerm modified mode [ 'src/readbyte.h', 436, 420 ]
85 silly gunzTarPerm extractEntry src/readi2cblock.cc
86 silly gunzTarPerm modified mode [ 'src/readi2cblock.cc', 436, 420 ]
87 silly gunzTarPerm extractEntry src/readi2cblock.h
88 silly gunzTarPerm modified mode [ 'src/readi2cblock.h', 436, 420 ]
89 silly gunzTarPerm extractEntry src/readword.cc
90 silly gunzTarPerm modified mode [ 'src/readword.cc', 436, 420 ]
91 silly gunzTarPerm extractEntry src/readword.h
92 silly gunzTarPerm modified mode [ 'src/readword.h', 436, 420 ]
93 silly gunzTarPerm extractEntry src/receivebyte.cc
94 silly gunzTarPerm modified mode [ 'src/receivebyte.cc', 436, 420 ]
95 silly gunzTarPerm extractEntry src/receivebyte.h
96 silly gunzTarPerm modified mode [ 'src/receivebyte.h', 436, 420 ]
97 silly gunzTarPerm extractEntry src/sendbyte.cc
98 silly gunzTarPerm modified mode [ 'src/sendbyte.cc', 436, 420 ]
99 silly gunzTarPerm extractEntry src/i2c.cc
100 silly gunzTarPerm modified mode [ 'src/i2c.cc', 436, 420 ]
101 silly gunzTarPerm extractEntry src/setaddr.cc
102 silly gunzTarPerm modified mode [ 'src/setaddr.cc', 436, 420 ]
103 silly gunzTarPerm extractEntry src/setaddr.h
104 silly gunzTarPerm modified mode [ 'src/setaddr.h', 436, 420 ]
105 silly gunzTarPerm extractEntry src/util.h
106 silly gunzTarPerm modified mode [ 'src/util.h', 436, 420 ]
107 silly gunzTarPerm extractEntry src/win/i2c.cc
108 silly gunzTarPerm modified mode [ 'src/win/i2c.cc', 436, 420 ]
109 silly gunzTarPerm extractEntry src/win/i2c.h
110 silly gunzTarPerm modified mode [ 'src/win/i2c.h', 436, 420 ]
111 silly gunzTarPerm extractEntry src/win/readPartial.cc
112 silly gunzTarPerm modified mode [ 'src/win/readPartial.cc', 436, 420 ]
113 silly gunzTarPerm extractEntry src/win/writePartial.cc
114 silly gunzTarPerm modified mode [ 'src/win/writePartial.cc', 436, 420 ]
115 silly gunzTarPerm extractEntry src/win/writeReadPartial.cc
116 silly gunzTarPerm modified mode [ 'src/win/writeReadPartial.cc', 436, 420 ]
117 silly gunzTarPerm extractEntry src/writeblock.cc
118 silly gunzTarPerm modified mode [ 'src/writeblock.cc', 436, 420 ]
119 silly gunzTarPerm extractEntry src/writeblock.h
120 silly gunzTarPerm modified mode [ 'src/writeblock.h', 436, 420 ]
121 silly gunzTarPerm extractEntry src/writebyte.cc
122 silly gunzTarPerm modified mode [ 'src/writebyte.cc', 436, 420 ]
123 silly gunzTarPerm extractEntry src/writebyte.h
124 silly gunzTarPerm modified mode [ 'src/writebyte.h', 436, 420 ]
125 silly gunzTarPerm extractEntry src/writei2cblock.cc
126 silly gunzTarPerm modified mode [ 'src/writei2cblock.cc', 436, 420 ]
127 silly gunzTarPerm extractEntry src/writei2cblock.h
128 silly gunzTarPerm modified mode [ 'src/writei2cblock.h', 436, 420 ]
129 silly gunzTarPerm extractEntry src/writequick.cc
130 silly gunzTarPerm modified mode [ 'src/writequick.cc', 436, 420 ]
131 silly gunzTarPerm extractEntry src/writequick.h
132 silly gunzTarPerm modified mode [ 'src/writequick.h', 436, 420 ]
133 silly gunzTarPerm extractEntry src/writeword.cc
134 silly gunzTarPerm modified mode [ 'src/writeword.cc', 436, 420 ]
135 silly gunzTarPerm extractEntry src/writeword.h
136 silly gunzTarPerm modified mode [ 'src/writeword.h', 436, 420 ]
137 silly gunzTarPerm extractEntry test/async-brute-force-leak-check.js
138 silly gunzTarPerm modified mode [ 'test/async-brute-force-leak-check.js', 436, 420 ]
139 silly gunzTarPerm extractEntry test/async.js
140 silly gunzTarPerm modified mode [ 'test/async.js', 436, 420 ]
141 silly gunzTarPerm extractEntry test/i2c-functionality-available.js
142 silly gunzTarPerm modified mode [ 'test/i2c-functionality-available.js', 436, 420 ]
143 silly gunzTarPerm extractEntry test/sync-plain-i2c-performance.js
144 silly gunzTarPerm modified mode [ 'test/sync-plain-i2c-performance.js', 436, 420 ]
145 silly gunzTarPerm extractEntry test/scan-leak-check.js
146 silly gunzTarPerm modified mode [ 'test/scan-leak-check.js', 436, 420 ]
147 silly gunzTarPerm extractEntry test/async-performance.js
148 silly gunzTarPerm modified mode [ 'test/async-performance.js', 436, 420 ]
149 silly gunzTarPerm extractEntry test/sync-brute-force-leak-check.js
150 silly gunzTarPerm modified mode [ 'test/sync-brute-force-leak-check.js', 436, 420 ]
151 silly gunzTarPerm extractEntry test/sync-many-instances.js
152 silly gunzTarPerm modified mode [ 'test/sync-many-instances.js', 436, 420 ]
153 silly gunzTarPerm extractEntry test/sync-performance.js
154 silly gunzTarPerm modified mode [ 'test/sync-performance.js', 436, 420 ]
155 silly gunzTarPerm extractEntry test/sync.js
156 silly gunzTarPerm modified mode [ 'test/sync.js', 436, 420 ]
157 silly gunzTarPerm extractEntry test/scan.js
158 silly gunzTarPerm modified mode [ 'test/scan.js', 436, 420 ]
159 silly gunzTarPerm extractEntry test/run-tests
160 silly gunzTarPerm modified mode [ 'test/run-tests', 509, 493 ]
161 silly gunzTarPerm extractEntry example/MCP9808-async.js
162 silly gunzTarPerm modified mode [ 'example/MCP9808-async.js', 436, 420 ]
163 silly gunzTarPerm extractEntry example/SI1145-sync.js
164 silly gunzTarPerm modified mode [ 'example/SI1145-sync.js', 436, 420 ]
165 silly gunzTarPerm extractEntry example/ds1621-async.js
166 silly gunzTarPerm modified mode [ 'example/ds1621-async.js', 436, 420 ]
167 silly gunzTarPerm extractEntry example/two-devices-win.js
168 silly gunzTarPerm modified mode [ 'example/two-devices-win.js', 436, 420 ]
169 silly gunzTarPerm extractEntry example/i2cscan.js
170 silly gunzTarPerm modified mode [ 'example/i2cscan.js', 436, 420 ]
171 silly gunzTarPerm extractEntry example/MCP9808-sync.js
172 silly gunzTarPerm modified mode [ 'example/MCP9808-sync.js', 436, 420 ]
173 silly gunzTarPerm extractEntry example/i2cdetect.js
174 silly gunzTarPerm modified mode [ 'example/i2cdetect.js', 436, 420 ]
175 silly gunzTarPerm extractEntry example/i2cquickscan.js
176 silly gunzTarPerm modified mode [ 'example/i2cquickscan.js', 436, 420 ]
177 silly gunzTarPerm extractEntry example/two-devices.js
178 silly gunzTarPerm modified mode [ 'example/two-devices.js', 436, 420 ]
179 silly gunzTarPerm extractEntry example/ds1621-sync.js
180 silly gunzTarPerm modified mode [ 'example/ds1621-sync.js', 436, 420 ]
181 silly gunzTarPerm extractEntry example/ds1621-pi.png
182 silly gunzTarPerm modified mode [ 'example/ds1621-pi.png', 436, 420 ]
183 silly gunzTarPerm extractEntry example/ds1621-bb.png
184 silly gunzTarPerm modified mode [ 'example/ds1621-bb.png', 436, 420 ]
185 silly lockFile 210814df-r-local-lib-node-modules-i2c-bus tar:///usr/local/lib/node_modules/i2c-bus
186 silly lockFile 210814df-r-local-lib-node-modules-i2c-bus tar:///usr/local/lib/node_modules/i2c-bus
187 silly lockFile 9f85b9bb-ot-npm-i2c-bus-1-1-2-package-tgz tar:///root/.npm/i2c-bus/1.1.2/package.tgz
188 silly lockFile 9f85b9bb-ot-npm-i2c-bus-1-1-2-package-tgz tar:///root/.npm/i2c-bus/1.1.2/package.tgz
189 info preinstall i2c-bus@1.1.2
190 verbose readDependencies using package.json deps
191 verbose readDependencies using package.json deps
192 verbose cache add [ 'bindings@~1.2.1', null ]
193 verbose cache add name=undefined spec="bindings@~1.2.1" args=["bindings@~1.2.1",null]
194 verbose parsed url { protocol: null,
194 verbose parsed url   slashes: null,
194 verbose parsed url   auth: null,
194 verbose parsed url   host: null,
194 verbose parsed url   port: null,
194 verbose parsed url   hostname: null,
194 verbose parsed url   hash: null,
194 verbose parsed url   search: null,
194 verbose parsed url   query: null,
194 verbose parsed url   pathname: 'bindings@~1.2.1',
194 verbose parsed url   path: 'bindings@~1.2.1',
194 verbose parsed url   href: 'bindings@~1.2.1' }
195 verbose cache add [ 'nan@~2.4.0', null ]
196 verbose cache add name=undefined spec="nan@~2.4.0" args=["nan@~2.4.0",null]
197 verbose parsed url { protocol: null,
197 verbose parsed url   slashes: null,
197 verbose parsed url   auth: null,
197 verbose parsed url   host: null,
197 verbose parsed url   port: null,
197 verbose parsed url   hostname: null,
197 verbose parsed url   hash: null,
197 verbose parsed url   search: null,
197 verbose parsed url   query: null,
197 verbose parsed url   pathname: 'nan@~2.4.0',
197 verbose parsed url   path: 'nan@~2.4.0',
197 verbose parsed url   href: 'nan@~2.4.0' }
198 verbose cache add name="bindings" spec="~1.2.1" args=["bindings","~1.2.1"]
199 verbose parsed url { protocol: null,
199 verbose parsed url   slashes: null,
199 verbose parsed url   auth: null,
199 verbose parsed url   host: null,
199 verbose parsed url   port: null,
199 verbose parsed url   hostname: null,
199 verbose parsed url   hash: null,
199 verbose parsed url   search: null,
199 verbose parsed url   query: null,
199 verbose parsed url   pathname: '~1.2.1',
199 verbose parsed url   path: '~1.2.1',
199 verbose parsed url   href: '~1.2.1' }
200 verbose addNamed [ 'bindings', '~1.2.1' ]
201 verbose addNamed [ null, '>=1.2.1-0 <1.3.0-0' ]
202 silly lockFile b7a61b57-bindings-1-2-1 bindings@~1.2.1
203 verbose lock bindings@~1.2.1 /root/.npm/b7a61b57-bindings-1-2-1.lock
204 verbose cache add name="nan" spec="~2.4.0" args=["nan","~2.4.0"]
205 verbose parsed url { protocol: null,
205 verbose parsed url   slashes: null,
205 verbose parsed url   auth: null,
205 verbose parsed url   host: null,
205 verbose parsed url   port: null,
205 verbose parsed url   hostname: null,
205 verbose parsed url   hash: null,
205 verbose parsed url   search: null,
205 verbose parsed url   query: null,
205 verbose parsed url   pathname: '~2.4.0',
205 verbose parsed url   path: '~2.4.0',
205 verbose parsed url   href: '~2.4.0' }
206 verbose addNamed [ 'nan', '~2.4.0' ]
207 verbose addNamed [ null, '>=2.4.0-0 <2.5.0-0' ]
208 silly lockFile 06b4c8b4-nan-2-4-0 nan@~2.4.0
209 verbose lock nan@~2.4.0 /root/.npm/06b4c8b4-nan-2-4-0.lock
210 silly addNameRange { name: 'bindings', range: '>=1.2.1-0 <1.3.0-0', hasData: false }
211 silly addNameRange { name: 'nan', range: '>=2.4.0-0 <2.5.0-0', hasData: false }
212 verbose request where is /bindings
213 verbose request registry https://registry.npmjs.org/
214 verbose url raw /bindings
215 verbose url resolving [ 'https://registry.npmjs.org/', './bindings' ]
216 verbose url resolved https://registry.npmjs.org/bindings
217 verbose request where is https://registry.npmjs.org/bindings
218 info trying registry request attempt 1 at 11:48:19
219 verbose etag "C1AW6UVQGY4VZQGFC1WTIGMDV"
220 http GET https://registry.npmjs.org/bindings
221 verbose request where is /nan
222 verbose request registry https://registry.npmjs.org/
223 verbose url raw /nan
224 verbose url resolving [ 'https://registry.npmjs.org/', './nan' ]
225 verbose url resolved https://registry.npmjs.org/nan
226 verbose request where is https://registry.npmjs.org/nan
227 info trying registry request attempt 1 at 11:48:19
228 verbose etag "1YJEPM5V4XH0MZT0HV3B8R9BB"
229 http GET https://registry.npmjs.org/nan
230 http 304 https://registry.npmjs.org/bindings
231 silly registry.get cb [ 304,
231 silly registry.get   { date: 'Thu, 13 Oct 2016 11:48:17 GMT',
231 silly registry.get     via: '1.1 varnish',
231 silly registry.get     'cache-control': 'max-age=300',
231 silly registry.get     etag: '"C1AW6UVQGY4VZQGFC1WTIGMDV"',
231 silly registry.get     age: '235',
231 silly registry.get     connection: 'keep-alive',
231 silly registry.get     'x-served-by': 'cache-iad2120-IAD',
231 silly registry.get     'x-cache': 'HIT',
231 silly registry.get     'x-cache-hits': '2',
231 silly registry.get     'x-timer': 'S1476359297.733927,VS0,VE0',
231 silly registry.get     vary: 'Accept-Encoding' } ]
232 verbose etag https://registry.npmjs.org/bindings from cache
233 silly addNameRange number 2 { name: 'bindings', range: '>=1.2.1-0 <1.3.0-0', hasData: true }
234 silly addNameRange versions [ 'bindings',
234 silly addNameRange   [ '0.0.1',
234 silly addNameRange     '0.1.0',
234 silly addNameRange     '0.1.1',
234 silly addNameRange     '0.2.0',
234 silly addNameRange     '0.2.1',
234 silly addNameRange     '0.2.2',
234 silly addNameRange     '0.2.3',
234 silly addNameRange     '0.2.4',
234 silly addNameRange     '0.3.0',
234 silly addNameRange     '0.4.0',
234 silly addNameRange     '1.0.0',
234 silly addNameRange     '1.1.0',
234 silly addNameRange     '1.1.1',
234 silly addNameRange     '1.2.0',
234 silly addNameRange     '1.2.1' ] ]
235 verbose addNamed [ 'bindings', '1.2.1' ]
236 verbose addNamed [ '1.2.1', '1.2.1' ]
237 silly lockFile e9060511-bindings-1-2-1 bindings@1.2.1
238 verbose lock bindings@1.2.1 /root/.npm/e9060511-bindings-1-2-1.lock
239 silly lockFile e9060511-bindings-1-2-1 bindings@1.2.1
240 silly lockFile e9060511-bindings-1-2-1 bindings@1.2.1
241 silly lockFile b7a61b57-bindings-1-2-1 bindings@~1.2.1
242 silly lockFile b7a61b57-bindings-1-2-1 bindings@~1.2.1
243 http 304 https://registry.npmjs.org/nan
244 silly registry.get cb [ 304,
244 silly registry.get   { date: 'Thu, 13 Oct 2016 11:48:22 GMT',
244 silly registry.get     via: '1.1 varnish',
244 silly registry.get     'cache-control': 'max-age=300',
244 silly registry.get     etag: '"1YJEPM5V4XH0MZT0HV3B8R9BB"',
244 silly registry.get     age: '30',
244 silly registry.get     connection: 'keep-alive',
244 silly registry.get     'x-served-by': 'cache-iad2121-IAD',
244 silly registry.get     'x-cache': 'HIT',
244 silly registry.get     'x-cache-hits': '2',
244 silly registry.get     'x-timer': 'S1476359302.849619,VS0,VE0',
244 silly registry.get     vary: 'Accept-Encoding' } ]
245 verbose etag https://registry.npmjs.org/nan from cache
246 silly addNameRange number 2 { name: 'nan', range: '>=2.4.0-0 <2.5.0-0', hasData: true }
247 silly addNameRange versions [ 'nan',
247 silly addNameRange   [ '0.3.0-wip',
247 silly addNameRange     '0.3.0-wip2',
247 silly addNameRange     '0.3.0',
247 silly addNameRange     '0.3.1',
247 silly addNameRange     '0.3.2',
247 silly addNameRange     '0.4.0',
247 silly addNameRange     '0.4.1',
247 silly addNameRange     '0.4.2',
247 silly addNameRange     '0.4.3',
247 silly addNameRange     '0.4.4',
247 silly addNameRange     '0.5.0',
247 silly addNameRange     '0.5.1',
247 silly addNameRange     '0.5.2',
247 silly addNameRange     '0.6.0',
247 silly addNameRange     '0.7.0',
247 silly addNameRange     '0.7.1',
247 silly addNameRange     '0.8.0',
247 silly addNameRange     '1.0.0',
247 silly addNameRange     '1.1.0',
247 silly addNameRange     '1.1.1',
247 silly addNameRange     '1.1.2',
247 silly addNameRange     '1.2.0',
247 silly addNameRange     '1.3.0',
247 silly addNameRange     '1.4.0',
247 silly addNameRange     '1.4.1',
247 silly addNameRange     '1.5.0',
247 silly addNameRange     '1.4.2',
247 silly addNameRange     '1.4.3',
247 silly addNameRange     '1.5.1',
247 silly addNameRange     '1.5.2',
247 silly addNameRange     '1.6.0',
247 silly addNameRange     '1.5.3',
247 silly addNameRange     '1.6.1',
247 silly addNameRange     '1.6.2',
247 silly addNameRange     '1.7.0',
247 silly addNameRange     '1.8.0',
247 silly addNameRange     '1.8.1',
247 silly addNameRange     '1.8.2',
247 silly addNameRange     '1.8.3',
247 silly addNameRange     '1.8.4',
247 silly addNameRange     '1.9.0',
247 silly addNameRange     '2.0.0',
247 silly addNameRange     '2.0.1',
247 silly addNameRange     '2.0.2',
247 silly addNameRange     '2.0.3',
247 silly addNameRange     '2.0.4',
247 silly addNameRange     '2.0.5',
247 silly addNameRange     '2.0.6',
247 silly addNameRange     '2.0.7',
247 silly addNameRange     '2.0.8',
247 silly addNameRange     '2.0.9',
247 silly addNameRange     '2.1.0',
247 silly addNameRange     '2.2.0',
247 silly addNameRange     '2.2.1',
247 silly addNameRange     '2.3.0',
247 silly addNameRange     '2.3.1',
247 silly addNameRange     '2.3.2',
247 silly addNameRange     '2.3.3',
247 silly addNameRange     '2.3.4',
247 silly addNameRange     '2.3.5',
247 silly addNameRange     '2.4.0' ] ]
248 verbose addNamed [ 'nan', '2.4.0' ]
249 verbose addNamed [ '2.4.0', '2.4.0' ]
250 silly lockFile 5e286f4c-nan-2-4-0 nan@2.4.0
251 verbose lock nan@2.4.0 /root/.npm/5e286f4c-nan-2-4-0.lock
252 silly lockFile 5e286f4c-nan-2-4-0 nan@2.4.0
253 silly lockFile 5e286f4c-nan-2-4-0 nan@2.4.0
254 silly lockFile 06b4c8b4-nan-2-4-0 nan@~2.4.0
255 silly lockFile 06b4c8b4-nan-2-4-0 nan@~2.4.0
256 silly resolved [ { name: 'bindings',
256 silly resolved     description: 'Helper module for loading your native module\'s .node file',
256 silly resolved     keywords: [ 'native', 'addon', 'bindings', 'gyp', 'waf', 'c', 'c++' ],
256 silly resolved     version: '1.2.1',
256 silly resolved     author:
256 silly resolved      { name: 'Nathan Rajlich',
256 silly resolved        email: 'nathan@tootallnate.net',
256 silly resolved        url: 'http://tootallnate.net' },
256 silly resolved     repository:
256 silly resolved      { type: 'git',
256 silly resolved        url: 'git://github.com/TooTallNate/node-bindings.git' },
256 silly resolved     main: './bindings.js',
256 silly resolved     bugs: { url: 'https://github.com/TooTallNate/node-bindings/issues' },
256 silly resolved     homepage: 'https://github.com/TooTallNate/node-bindings',
256 silly resolved     license: 'MIT',
256 silly resolved     gitHead: 'e404152ee27f8478ccbc7122ee051246e8e5ec02',
256 silly resolved     _id: 'bindings@1.2.1',
256 silly resolved     scripts: {},
256 silly resolved     _shasum: '14ad6113812d2d37d72e67b4cacb4bb726505f11',
256 silly resolved     _from: 'bindings@~1.2.1',
256 silly resolved     _npmVersion: '1.4.14',
256 silly resolved     _npmUser: { name: 'tootallnate', email: 'nathan@tootallnate.net' },
256 silly resolved     maintainers: [ [Object], [Object] ],
256 silly resolved     dist:
256 silly resolved      { shasum: '14ad6113812d2d37d72e67b4cacb4bb726505f11',
256 silly resolved        tarball: 'https://registry.npmjs.org/bindings/-/bindings-1.2.1.tgz' },
256 silly resolved     directories: {},
256 silly resolved     _resolved: 'https://registry.npmjs.org/bindings/-/bindings-1.2.1.tgz',
256 silly resolved     readme: 'ERROR: No README data found!' },
256 silly resolved   { name: 'nan',
256 silly resolved     version: '2.4.0',
256 silly resolved     description: 'Native Abstractions for Node.js: C++ header for Node 0.8 -> 6 compatibility',
256 silly resolved     main: 'include_dirs.js',
256 silly resolved     repository: { type: 'git', url: 'git://github.com/nodejs/nan.git' },
256 silly resolved     scripts:
256 silly resolved      { test: 'tap --gc --stderr test/js/*-test.js',
256 silly resolved        'rebuild-tests': 'node-gyp rebuild --msvs_version=2013 --directory test',
256 silly resolved        docs: 'doc/.build.sh' },
256 silly resolved     contributors:
256 silly resolved      [ [Object],
256 silly resolved        [Object],
256 silly resolved        [Object],
256 silly resolved        [Object],
256 silly resolved        [Object],
256 silly resolved        [Object],
256 silly resolved        [Object] ],
256 silly resolved     devDependencies:
256 silly resolved      { bindings: '~1.2.1',
256 silly resolved        commander: '^2.8.1',
256 silly resolved        glob: '^5.0.14',
256 silly resolved        'node-gyp': '~3.0.1',
256 silly resolved        'readable-stream': '^2.1.4',
256 silly resolved        tap: '~0.7.1',
256 silly resolved        xtend: '~4.0.0' },
256 silly resolved     license: 'MIT',
256 silly resolved     bugs: { url: 'https://github.com/nodejs/nan/issues' },
256 silly resolved     homepage: 'https://github.com/nodejs/nan#readme',
256 silly resolved     _id: 'nan@2.4.0',
256 silly resolved     _shasum: 'fb3c59d45fe4effe215f0b890f8adf6eb32d2232',
256 silly resolved     _resolved: 'https://registry.npmjs.org/nan/-/nan-2.4.0.tgz',
256 silly resolved     _from: 'nan@~2.4.0',
256 silly resolved     _npmVersion: '3.3.6',
256 silly resolved     _nodeVersion: '5.0.0',
256 silly resolved     _npmUser: { name: 'kkoopa', email: 'bbyholm@abo.fi' },
256 silly resolved     dist:
256 silly resolved      { shasum: 'fb3c59d45fe4effe215f0b890f8adf6eb32d2232',
256 silly resolved        tarball: 'https://registry.npmjs.org/nan/-/nan-2.4.0.tgz' },
256 silly resolved     maintainers: [ [Object], [Object] ],
256 silly resolved     _npmOperationalInternal:
256 silly resolved      { host: 'packages-16-east.internal.npmjs.com',
256 silly resolved        tmp: 'tmp/nan-2.4.0.tgz_1468158679820_0.6951719264034182' },
256 silly resolved     directories: {},
256 silly resolved     readme: 'ERROR: No README data found!' } ]
257 info install bindings@1.2.1 into /usr/local/lib/node_modules/i2c-bus
258 info install nan@2.4.0 into /usr/local/lib/node_modules/i2c-bus
259 info installOne bindings@1.2.1
260 info installOne nan@2.4.0
261 verbose lib/node_modules/i2c-bus/node_modules/bindings unbuild
262 verbose lib/node_modules/i2c-bus/node_modules/nan unbuild
263 verbose tar unpack /root/.npm/bindings/1.2.1/package.tgz
264 silly lockFile 22bbb7de-es-i2c-bus-node-modules-bindings tar:///usr/local/lib/node_modules/i2c-bus/node_modules/bindings
265 verbose lock tar:///usr/local/lib/node_modules/i2c-bus/node_modules/bindings /root/.npm/22bbb7de-es-i2c-bus-node-modules-bindings.lock
266 silly lockFile 479db54d-t-npm-bindings-1-2-1-package-tgz tar:///root/.npm/bindings/1.2.1/package.tgz
267 verbose lock tar:///root/.npm/bindings/1.2.1/package.tgz /root/.npm/479db54d-t-npm-bindings-1-2-1-package-tgz.lock
268 verbose tar unpack /root/.npm/nan/2.4.0/package.tgz
269 silly lockFile f1681bd3-modules-i2c-bus-node-modules-nan tar:///usr/local/lib/node_modules/i2c-bus/node_modules/nan
270 verbose lock tar:///usr/local/lib/node_modules/i2c-bus/node_modules/nan /root/.npm/f1681bd3-modules-i2c-bus-node-modules-nan.lock
271 silly lockFile ec7955de-r-root-npm-nan-2-4-0-package-tgz tar:///root/.npm/nan/2.4.0/package.tgz
272 verbose lock tar:///root/.npm/nan/2.4.0/package.tgz /root/.npm/ec7955de-r-root-npm-nan-2-4-0-package-tgz.lock
273 silly gunzTarPerm modes [ '755', '644' ]
274 silly gunzTarPerm modes [ '755', '644' ]
275 silly gunzTarPerm extractEntry package.json
276 silly gunzTarPerm extractEntry package.json
277 silly gunzTarPerm modified mode [ 'package.json', 436, 420 ]
278 silly gunzTarPerm extractEntry README.md
279 silly gunzTarPerm extractEntry bindings.js
280 silly gunzTarPerm extractEntry README.md
281 silly gunzTarPerm modified mode [ 'README.md', 436, 420 ]
282 silly gunzTarPerm extractEntry include_dirs.js
283 silly gunzTarPerm modified mode [ 'include_dirs.js', 436, 420 ]
284 silly gunzTarPerm extractEntry nan_callbacks_pre_12_inl.h
285 silly gunzTarPerm modified mode [ 'nan_callbacks_pre_12_inl.h', 436, 420 ]
286 silly gunzTarPerm extractEntry CHANGELOG.md
287 silly gunzTarPerm modified mode [ 'CHANGELOG.md', 436, 420 ]
288 silly lockFile 22bbb7de-es-i2c-bus-node-modules-bindings tar:///usr/local/lib/node_modules/i2c-bus/node_modules/bindings
289 silly lockFile 22bbb7de-es-i2c-bus-node-modules-bindings tar:///usr/local/lib/node_modules/i2c-bus/node_modules/bindings
290 silly lockFile 479db54d-t-npm-bindings-1-2-1-package-tgz tar:///root/.npm/bindings/1.2.1/package.tgz
291 silly lockFile 479db54d-t-npm-bindings-1-2-1-package-tgz tar:///root/.npm/bindings/1.2.1/package.tgz
292 info preinstall bindings@1.2.1
293 verbose readDependencies using package.json deps
294 verbose readDependencies using package.json deps
295 silly resolved []
296 verbose about to build /usr/local/lib/node_modules/i2c-bus/node_modules/bindings
297 info build /usr/local/lib/node_modules/i2c-bus/node_modules/bindings
298 verbose linkStuff [ true,
298 verbose linkStuff   '/usr/local/lib/node_modules',
298 verbose linkStuff   false,
298 verbose linkStuff   '/usr/local/lib/node_modules/i2c-bus/node_modules' ]
299 info linkStuff bindings@1.2.1
300 verbose linkBins bindings@1.2.1
301 verbose linkMans bindings@1.2.1
302 verbose rebuildBundles bindings@1.2.1
303 info install bindings@1.2.1
304 info postinstall bindings@1.2.1
305 silly gunzTarPerm extractEntry LICENSE.md
306 silly gunzTarPerm modified mode [ 'LICENSE.md', 436, 420 ]
307 silly gunzTarPerm extractEntry doc/node_misc.md
308 silly gunzTarPerm modified mode [ 'doc/node_misc.md', 436, 420 ]
309 silly gunzTarPerm extractEntry doc/asyncworker.md
310 silly gunzTarPerm modified mode [ 'doc/asyncworker.md', 436, 420 ]
311 silly gunzTarPerm extractEntry doc/callback.md
312 silly gunzTarPerm modified mode [ 'doc/callback.md', 436, 420 ]
313 silly gunzTarPerm extractEntry doc/converters.md
314 silly gunzTarPerm modified mode [ 'doc/converters.md', 436, 420 ]
315 silly gunzTarPerm extractEntry doc/errors.md
316 silly gunzTarPerm modified mode [ 'doc/errors.md', 436, 420 ]
317 silly gunzTarPerm extractEntry doc/maybe_types.md
318 silly gunzTarPerm modified mode [ 'doc/maybe_types.md', 436, 420 ]
319 silly gunzTarPerm extractEntry doc/methods.md
320 silly gunzTarPerm modified mode [ 'doc/methods.md', 436, 420 ]
321 silly gunzTarPerm extractEntry doc/new.md
322 silly gunzTarPerm modified mode [ 'doc/new.md', 436, 420 ]
323 silly gunzTarPerm extractEntry doc/buffers.md
324 silly gunzTarPerm modified mode [ 'doc/buffers.md', 436, 420 ]
325 silly gunzTarPerm extractEntry doc/object_wrappers.md
326 silly gunzTarPerm modified mode [ 'doc/object_wrappers.md', 436, 420 ]
327 silly gunzTarPerm extractEntry doc/persistent.md
328 silly gunzTarPerm modified mode [ 'doc/persistent.md', 436, 420 ]
329 silly gunzTarPerm extractEntry doc/scopes.md
330 silly gunzTarPerm modified mode [ 'doc/scopes.md', 436, 420 ]
331 silly gunzTarPerm extractEntry doc/script.md
332 silly gunzTarPerm modified mode [ 'doc/script.md', 436, 420 ]
333 silly gunzTarPerm extractEntry doc/string_bytes.md
334 silly gunzTarPerm modified mode [ 'doc/string_bytes.md', 436, 420 ]
335 silly gunzTarPerm extractEntry doc/v8_internals.md
336 silly gunzTarPerm modified mode [ 'doc/v8_internals.md', 436, 420 ]
337 silly gunzTarPerm extractEntry doc/v8_misc.md
338 silly gunzTarPerm modified mode [ 'doc/v8_misc.md', 436, 420 ]
339 silly gunzTarPerm extractEntry nan.h
340 silly gunzTarPerm modified mode [ 'nan.h', 436, 420 ]
341 silly gunzTarPerm extractEntry nan_callbacks.h
342 silly gunzTarPerm modified mode [ 'nan_callbacks.h', 436, 420 ]
343 silly gunzTarPerm extractEntry nan_callbacks_12_inl.h
344 silly gunzTarPerm modified mode [ 'nan_callbacks_12_inl.h', 436, 420 ]
345 silly gunzTarPerm extractEntry nan_converters.h
346 silly gunzTarPerm modified mode [ 'nan_converters.h', 436, 420 ]
347 silly gunzTarPerm extractEntry nan_converters_43_inl.h
348 silly gunzTarPerm modified mode [ 'nan_converters_43_inl.h', 436, 420 ]
349 silly gunzTarPerm extractEntry nan_converters_pre_43_inl.h
350 silly gunzTarPerm modified mode [ 'nan_converters_pre_43_inl.h', 436, 420 ]
351 silly gunzTarPerm extractEntry nan_implementation_12_inl.h
352 silly gunzTarPerm modified mode [ 'nan_implementation_12_inl.h', 436, 420 ]
353 silly gunzTarPerm extractEntry nan_implementation_pre_12_inl.h
354 silly gunzTarPerm modified mode [ 'nan_implementation_pre_12_inl.h', 436, 420 ]
355 silly gunzTarPerm extractEntry nan_maybe_43_inl.h
356 silly gunzTarPerm modified mode [ 'nan_maybe_43_inl.h', 436, 420 ]
357 silly gunzTarPerm extractEntry nan_maybe_pre_43_inl.h
358 silly gunzTarPerm modified mode [ 'nan_maybe_pre_43_inl.h', 436, 420 ]
359 silly gunzTarPerm extractEntry nan_new.h
360 silly gunzTarPerm modified mode [ 'nan_new.h', 436, 420 ]
361 silly gunzTarPerm extractEntry nan_object_wrap.h
362 silly gunzTarPerm modified mode [ 'nan_object_wrap.h', 436, 420 ]
363 silly gunzTarPerm extractEntry nan_persistent_12_inl.h
364 silly gunzTarPerm modified mode [ 'nan_persistent_12_inl.h', 436, 420 ]
365 silly gunzTarPerm extractEntry nan_persistent_pre_12_inl.h
366 silly gunzTarPerm modified mode [ 'nan_persistent_pre_12_inl.h', 436, 420 ]
367 silly gunzTarPerm extractEntry nan_string_bytes.h
368 silly gunzTarPerm modified mode [ 'nan_string_bytes.h', 436, 420 ]
369 silly gunzTarPerm extractEntry nan_typedarray_contents.h
370 silly gunzTarPerm modified mode [ 'nan_typedarray_contents.h', 436, 420 ]
371 silly gunzTarPerm extractEntry nan_weak.h
372 silly gunzTarPerm modified mode [ 'nan_weak.h', 436, 420 ]
373 silly gunzTarPerm extractEntry tools/package.json
374 silly gunzTarPerm modified mode [ 'tools/package.json', 436, 420 ]
375 silly gunzTarPerm extractEntry tools/README.md
376 silly gunzTarPerm modified mode [ 'tools/README.md', 436, 420 ]
377 silly gunzTarPerm extractEntry tools/1to2.js
378 silly gunzTarPerm modified mode [ 'tools/1to2.js', 509, 493 ]
379 silly lockFile f1681bd3-modules-i2c-bus-node-modules-nan tar:///usr/local/lib/node_modules/i2c-bus/node_modules/nan
380 silly lockFile f1681bd3-modules-i2c-bus-node-modules-nan tar:///usr/local/lib/node_modules/i2c-bus/node_modules/nan
381 silly lockFile ec7955de-r-root-npm-nan-2-4-0-package-tgz tar:///root/.npm/nan/2.4.0/package.tgz
382 silly lockFile ec7955de-r-root-npm-nan-2-4-0-package-tgz tar:///root/.npm/nan/2.4.0/package.tgz
383 info preinstall nan@2.4.0
384 verbose readDependencies using package.json deps
385 verbose readDependencies using package.json deps
386 silly resolved []
387 verbose about to build /usr/local/lib/node_modules/i2c-bus/node_modules/nan
388 info build /usr/local/lib/node_modules/i2c-bus/node_modules/nan
389 verbose linkStuff [ true,
389 verbose linkStuff   '/usr/local/lib/node_modules',
389 verbose linkStuff   false,
389 verbose linkStuff   '/usr/local/lib/node_modules/i2c-bus/node_modules' ]
390 info linkStuff nan@2.4.0
391 verbose linkBins nan@2.4.0
392 verbose linkMans nan@2.4.0
393 verbose rebuildBundles nan@2.4.0
394 info install nan@2.4.0
395 info postinstall nan@2.4.0
396 verbose about to build /usr/local/lib/node_modules/i2c-bus
397 info build /usr/local/lib/node_modules/i2c-bus
398 verbose linkStuff [ true,
398 verbose linkStuff   '/usr/local/lib/node_modules',
398 verbose linkStuff   true,
398 verbose linkStuff   '/usr/local/lib/node_modules' ]
399 info linkStuff i2c-bus@1.1.2
400 verbose linkBins i2c-bus@1.1.2
401 verbose linkMans i2c-bus@1.1.2
402 verbose rebuildBundles i2c-bus@1.1.2
403 verbose rebuildBundles [ 'bindings', 'nan' ]
404 info install i2c-bus@1.1.2
405 verbose unsafe-perm in lifecycle false
406 info i2c-bus@1.1.2 Failed to exec install script
407 verbose lib/node_modules/i2c-bus unbuild
408 warn This failure might be due to the use of legacy binary "node"
409 warn For further explanations, please read
/usr/share/doc/nodejs/README.Debian
410 info preuninstall i2c-bus@1.1.2
411 info uninstall i2c-bus@1.1.2
412 verbose true,/usr/local/lib/node_modules,/usr/local/lib/node_modules unbuild i2c-bus@1.1.2
413 info postuninstall i2c-bus@1.1.2
414 error i2c-bus@1.1.2 install: `node-gyp rebuild`
414 error Exit status 1
415 error Failed at the i2c-bus@1.1.2 install script.
415 error This is most likely a problem with the i2c-bus package,
415 error not with npm itself.
415 error Tell the author that this fails on your system:
415 error     node-gyp rebuild
415 error You can get their info via:
415 error     npm owner ls i2c-bus
415 error There is likely additional logging output above.
416 error System Linux 4.4.23-bone14
417 error command "/usr/bin/nodejs" "/usr/bin/npm" "install" "i2c-bus" "-g"
418 error cwd /root/ECE497/hw05
419 error node -v v0.10.42
420 error npm -v 1.4.21
421 error code ELIFECYCLE
422 verbose exit [ 1, true ]
